0 info it worked if it ends with ok
1 verbose cli [ 'C:\\Program Files\\nodejs\\node.exe',
1 verbose cli   'C:\\Program Files\\nodejs\\node_modules\\npm\\bin\\npm-cli.js',
1 verbose cli   'install',
1 verbose cli   '-g',
1 verbose cli   'bower' ]
2 info using npm@3.10.10
3 info using node@v6.11.3
4 silly loadCurrentTree Starting
5 silly install loadCurrentTree
6 silly install readGlobalPackageData
7 silly fetchPackageMetaData bower
8 silly fetchNamedPackageData bower
9 silly mapToRegistry name bower
10 silly mapToRegistry using default registry
11 silly mapToRegistry registry https://registry.npmjs.org/
12 silly mapToRegistry data Result {
12 silly mapToRegistry   raw: 'bower',
12 silly mapToRegistry   scope: null,
12 silly mapToRegistry   escapedName: 'bower',
12 silly mapToRegistry   name: 'bower',
12 silly mapToRegistry   rawSpec: '',
12 silly mapToRegistry   spec: 'latest',
12 silly mapToRegistry   type: 'tag' }
13 silly mapToRegistry uri https://registry.npmjs.org/bower
14 verbose request uri https://registry.npmjs.org/bower
15 verbose request no auth needed
16 info attempt registry request try #1 at 20:39:23
17 verbose request id e11880944a8f8e54
18 verbose etag W/"59b96dc1-329c1"
19 verbose lastModified Wed, 13 Sep 2017 17:41:21 GMT
20 http request GET https://registry.npmjs.org/bower
21 http 200 https://registry.npmjs.org/bower
22 verbose headers { server: 'nginx/1.10.1',
22 verbose headers   'content-type': 'application/json',
22 verbose headers   'last-modified': 'Thu, 14 Sep 2017 19:23:29 GMT',
22 verbose headers   etag: 'W/"59bad731-329d6"',
22 verbose headers   'content-encoding': 'gzip',
22 verbose headers   'cache-control': 'max-age=300',
22 verbose headers   'content-length': '17609',
22 verbose headers   'accept-ranges': 'bytes',
22 verbose headers   date: 'Fri, 15 Sep 2017 12:42:31 GMT',
22 verbose headers   via: '1.1 varnish',
22 verbose headers   age: '0',
22 verbose headers   connection: 'keep-alive',
22 verbose headers   'x-served-by': 'cache-nrt6125-NRT',
22 verbose headers   'x-cache': 'HIT',
22 verbose headers   'x-cache-hits': '1',
22 verbose headers   'x-timer': 'S1505479351.474283,VS0,VE165',
22 verbose headers   vary: 'Accept-Encoding, Accept' }
23 silly get cb [ 200,
23 silly get   { server: 'nginx/1.10.1',
23 silly get     'content-type': 'application/json',
23 silly get     'last-modified': 'Thu, 14 Sep 2017 19:23:29 GMT',
23 silly get     etag: 'W/"59bad731-329d6"',
23 silly get     'content-encoding': 'gzip',
23 silly get     'cache-control': 'max-age=300',
23 silly get     'content-length': '17609',
23 silly get     'accept-ranges': 'bytes',
23 silly get     date: 'Fri, 15 Sep 2017 12:42:31 GMT',
23 silly get     via: '1.1 varnish',
23 silly get     age: '0',
23 silly get     connection: 'keep-alive',
23 silly get     'x-served-by': 'cache-nrt6125-NRT',
23 silly get     'x-cache': 'HIT',
23 silly get     'x-cache-hits': '1',
23 silly get     'x-timer': 'S1505479351.474283,VS0,VE165',
23 silly get     vary: 'Accept-Encoding, Accept' } ]
24 verbose get saving bower to C:\Users\lishuang\AppData\Roaming\npm-cache\registry.npmjs.org\bower\.cache.json
25 verbose correctMkdir C:\Users\lishuang\AppData\Roaming\npm-cache correctMkdir not in flight; initializing
26 silly install normalizeTree
27 silly loadCurrentTree Finishing
28 silly loadIdealTree Starting
29 silly install loadIdealTree
30 silly cloneCurrentTree Starting
31 silly install cloneCurrentTreeToIdealTree
32 silly cloneCurrentTree Finishing
33 silly loadShrinkwrap Starting
34 silly install loadShrinkwrap
35 silly loadShrinkwrap Finishing
36 silly loadAllDepsIntoIdealTree Starting
37 silly install loadAllDepsIntoIdealTree
38 silly resolveWithNewModule bower@1.8.2 checking installable status
39 silly cache add args [ 'bower', null ]
40 verbose cache add spec bower
41 silly cache add parsed spec Result {
41 silly cache add   raw: 'bower',
41 silly cache add   scope: null,
41 silly cache add   escapedName: 'bower',
41 silly cache add   name: 'bower',
41 silly cache add   rawSpec: '',
41 silly cache add   spec: 'latest',
41 silly cache add   type: 'tag' }
42 silly addNamed bower@latest
43 verbose addNamed "latest" is being treated as a dist-tag for bower
44 info addNameTag [ 'bower', 'latest' ]
45 silly mapToRegistry name bower
46 silly mapToRegistry using default registry
47 silly mapToRegistry registry https://registry.npmjs.org/
48 silly mapToRegistry data Result {
48 silly mapToRegistry   raw: 'bower',
48 silly mapToRegistry   scope: null,
48 silly mapToRegistry   escapedName: 'bower',
48 silly mapToRegistry   name: 'bower',
48 silly mapToRegistry   rawSpec: '',
48 silly mapToRegistry   spec: 'latest',
48 silly mapToRegistry   type: 'tag' }
49 silly mapToRegistry uri https://registry.npmjs.org/bower
50 verbose addNameTag registry:https://registry.npmjs.org/bower not in flight; fetching
51 verbose get https://registry.npmjs.org/bower not expired, no request
52 silly addNameTag next cb for bower with tag latest
53 silly addNamed bower@1.8.2
54 verbose addNamed "1.8.2" is a plain semver version for bower
55 silly mapToRegistry name bower
56 silly mapToRegistry using default registry
57 silly mapToRegistry registry https://registry.npmjs.org/
58 silly mapToRegistry data Result {
58 silly mapToRegistry   raw: 'bower',
58 silly mapToRegistry   scope: null,
58 silly mapToRegistry   escapedName: 'bower',
58 silly mapToRegistry   name: 'bower',
58 silly mapToRegistry   rawSpec: '',
58 silly mapToRegistry   spec: 'latest',
58 silly mapToRegistry   type: 'tag' }
59 silly mapToRegistry uri https://registry.npmjs.org/bower
60 verbose addRemoteTarball https://registry.npmjs.org/bower/-/bower-1.8.2.tgz not in flight; adding
61 verbose addRemoteTarball [ 'https://registry.npmjs.org/bower/-/bower-1.8.2.tgz',
61 verbose addRemoteTarball   'adf53529c8d4af02ef24fb8d5341c1419d33e2f7' ]
62 info retry fetch attempt 1 at 20:39:24
63 info attempt registry request try #1 at 20:39:24
64 http fetch GET https://registry.npmjs.org/bower/-/bower-1.8.2.tgz
65 http fetch 200 https://registry.npmjs.org/bower/-/bower-1.8.2.tgz
66 silly fetchAndShaCheck shasum adf53529c8d4af02ef24fb8d5341c1419d33e2f7
67 verbose addTmpTarball C:\Users\lishuang\AppData\Local\Temp\npm-29248-a45655de\registry.npmjs.org\bower\-\bower-1.8.2.tgz not in flight; adding
68 verbose addTmpTarball already have metadata; skipping unpack for bower@1.8.2
69 verbose correctMkdir C:\Users\lishuang\AppData\Roaming\npm-cache correctMkdir not in flight; initializing
70 silly cache afterAdd bower@1.8.2
71 verbose afterAdd C:\Users\lishuang\AppData\Roaming\npm-cache\bower\1.8.2\package\package.json not in flight; writing
72 verbose correctMkdir C:\Users\lishuang\AppData\Roaming\npm-cache correctMkdir not in flight; initializing
73 verbose afterAdd C:\Users\lishuang\AppData\Roaming\npm-cache\bower\1.8.2\package\package.json written
74 silly loadAllDepsIntoIdealTree Finishing
75 silly loadIdealTree Finishing
76 silly currentTree node_globalnpm
76 silly currentTree `-- bower@1.8.0
77 silly idealTree node_globalnpm
77 silly idealTree `-- bower@1.8.2
78 silly generateActionsToTake Starting
79 silly install generateActionsToTake
80 silly generateActionsToTake Finishing
81 silly diffTrees action count 1
82 silly diffTrees update bower@1.8.2
83 silly decomposeActions action count 9
84 silly decomposeActions remove bower@1.8.2
85 silly decomposeActions fetch bower@1.8.2
86 silly decomposeActions extract bower@1.8.2
87 silly decomposeActions test bower@1.8.2
88 silly decomposeActions preinstall bower@1.8.2
89 silly decomposeActions build bower@1.8.2
90 silly decomposeActions install bower@1.8.2
91 silly decomposeActions postinstall bower@1.8.2
92 silly decomposeActions finalize bower@1.8.2
93 silly runTopLevelLifecycles Starting
94 silly executeActions Starting
95 silly install executeActions
96 silly doSerial global-install 0
97 silly doParallel fetch 1
98 verbose correctMkdir C:\Users\lishuang\AppData\Roaming\npm-cache\_locks correctMkdir not in flight; initializing
99 verbose lock using C:\Users\lishuang\AppData\Roaming\npm-cache\_locks\staging-a3f66540a0e8a992.lock for C:\Program Files\nodejs\node_globalnpm\node_modules\.staging
100 verbose unlock done using C:\Users\lishuang\AppData\Roaming\npm-cache\_locks\staging-a3f66540a0e8a992.lock for C:\Program Files\nodejs\node_globalnpm\node_modules\.staging
101 silly rollbackFailedOptional Starting
102 silly rollbackFailedOptional Finishing
103 silly runTopLevelLifecycles Finishing
104 silly install printInstalled
105 verbose stack Error: EPERM: operation not permitted, mkdir 'C:\Program Files\nodejs\node_globalnpm\node_modules\.staging'
105 verbose stack     at Error (native)
106 verbose cwd D:\hexian\myworks\hxBlog
107 error Windows_NT 10.0.15063
108 error argv "C:\\Program Files\\nodejs\\node.exe" "C:\\Program Files\\nodejs\\node_modules\\npm\\bin\\npm-cli.js" "install" "-g" "bower"
109 error node v6.11.3
110 error npm  v3.10.10
111 error path C:\Program Files\nodejs\node_globalnpm\node_modules\.staging
112 error code EPERM
113 error errno -4048
114 error syscall mkdir
115 error Error: EPERM: operation not permitted, mkdir 'C:\Program Files\nodejs\node_globalnpm\node_modules\.staging'
115 error     at Error (native)
115 error  { Error: EPERM: operation not permitted, mkdir 'C:\Program Files\nodejs\node_globalnpm\node_modules\.staging'
115 error     at Error (native)
115 error   errno: -4048,
115 error   code: 'EPERM',
115 error   syscall: 'mkdir',
115 error   path: 'C:\\Program Files\\nodejs\\node_globalnpm\\node_modules\\.staging' }
116 error Please try running this command again as root/Administrator.
117 verbose exit [ -4048, true ]
